app/build/intermediates/manifest_merge_blame_file/debug/processDebugMainManifest/manifest-merger-blame-debug-report.txt
1<?xml version="1.0" encoding="utf-8"?>
2<manifest xmlns:android="http://schemas.android.com/apk/res/android"
3    package="com.example.project_akhir_si"
4    android:versionCode="1"
5    android:versionName="1.0" >
6
7    <uses-sdk
8        android:minSdkVersion="25"
9        android:targetSdkVersion="34" />
10
11    <uses-permission android:name="android.permission.INTERNET" />
11-->src\main\AndroidManifest.xml:5:5-66
11-->src\main\AndroidManifest.xml:5:22-64
12
13    <!-- Although the *SdkVersion is captured in gradle build files, this is required for non gradle builds -->
14    <!-- <uses-sdk android:minSdkVersion="21" /> -->
15    <uses-permission android:name="android.permission.ACCESS_NETWORK_STATE" />
15-->[com.google.firebase:firebase-firestore:25.0.0] AndroidManifest.xml:10:5-79
15-->[com.google.firebase:firebase-firestore:25.0.0] AndroidManifest.xml:10:22-76
16    <uses-permission android:name="com.google.android.providers.gsf.permission.READ_GSERVICES" />
16-->[com.google.android.recaptcha:recaptcha:18.4.0] AndroidManifest.xml:9:5-98
16-->[com.google.android.recaptcha:recaptcha:18.4.0] AndroidManifest.xml:9:22-95
17
18    <permission
18-->[androidx.core:core:1.13.1] AndroidManifest.xml:22:5-24:47
19        android:name="com.example.project_akhir_si.DYNAMIC_RECEIVER_NOT_EXPORTED_PERMISSION"
19-->[androidx.core:core:1.13.1] AndroidManifest.xml:23:9-81
20        android:protectionLevel="signature" />
20-->[androidx.core:core:1.13.1] AndroidManifest.xml:24:9-44
21
22    <uses-permission android:name="com.example.project_akhir_si.DYNAMIC_RECEIVER_NOT_EXPORTED_PERMISSION" />
22-->[androidx.core:core:1.13.1] AndroidManifest.xml:26:5-97
22-->[androidx.core:core:1.13.1] AndroidManifest.xml:26:22-94
23
24    <application
24-->src\main\AndroidManifest.xml:7:5-28:19
25        android:allowBackup="true"
25-->src\main\AndroidManifest.xml:8:9-35
26        android:appComponentFactory="androidx.core.app.CoreComponentFactory"
26-->[androidx.core:core:1.13.1] AndroidManifest.xml:28:18-86
27        android:dataExtractionRules="@xml/data_extraction_rules"
27-->src\main\AndroidManifest.xml:9:9-65
28        android:debuggable="true"
29        android:extractNativeLibs="false"
30        android:fullBackupContent="@xml/backup_rules"
30-->src\main\AndroidManifest.xml:10:9-54
31        android:icon="@mipmap/ic_launcher"
31-->src\main\AndroidManifest.xml:11:9-43
32        android:label="@string/app_name"
32-->src\main\AndroidManifest.xml:12:9-41
33        android:roundIcon="@mipmap/ic_launcher_round"
33-->src\main\AndroidManifest.xml:13:9-54
34        android:supportsRtl="true"
34-->src\main\AndroidManifest.xml:14:9-35
35        android:testOnly="true"
36        android:theme="@style/Theme.Project_Akhir_SI" >
36-->src\main\AndroidManifest.xml:15:9-54
37        <activity
37-->src\main\AndroidManifest.xml:17:9-27:20
38            android:name="com.example.project_akhir_si.MainActivity"
38-->src\main\AndroidManifest.xml:18:13-41
39            android:exported="true"
39-->src\main\AndroidManifest.xml:19:13-36
40            android:label="@string/app_name"
40-->src\main\AndroidManifest.xml:20:13-45
41            android:theme="@style/Theme.Project_Akhir_SI" >
41-->src\main\AndroidManifest.xml:21:13-58
42            <intent-filter>
42-->src\main\AndroidManifest.xml:22:13-26:29
43                <action android:name="android.intent.action.MAIN" />
43-->src\main\AndroidManifest.xml:23:17-69
43-->src\main\AndroidManifest.xml:23:25-66
44
45                <category android:name="android.intent.category.LAUNCHER" />
45-->src\main\AndroidManifest.xml:25:17-77
45-->src\main\AndroidManifest.xml:25:27-74
46            </intent-filter>
47        </activity>
48
49        <service
49-->[com.google.firebase:firebase-firestore-ktx:25.0.0] AndroidManifest.xml:9:9-15:19
50            android:name="com.google.firebase.components.ComponentDiscoveryService"
50-->[com.google.firebase:firebase-firestore-ktx:25.0.0] AndroidManifest.xml:10:13-84
51            android:directBootAware="true"
51-->[com.google.firebase:firebase-common:21.0.0] AndroidManifest.xml:32:13-43
52            android:exported="false" >
52-->[com.google.firebase:firebase-firestore-ktx:25.0.0] AndroidManifest.xml:11:13-37
53            <meta-data
53-->[com.google.firebase:firebase-firestore-ktx:25.0.0] AndroidManifest.xml:12:13-14:85
54                android:name="com.google.firebase.components:com.google.firebase.firestore.ktx.FirebaseFirestoreLegacyRegistrar"
54-->[com.google.firebase:firebase-firestore-ktx:25.0.0] AndroidManifest.xml:13:17-129
55                android:value="com.google.firebase.components.ComponentRegistrar" />
55-->[com.google.firebase:firebase-firestore-ktx:25.0.0] AndroidManifest.xml:14:17-82
56            <meta-data
56-->[com.google.firebase:firebase-auth-ktx:23.0.0] AndroidManifest.xml:11:13-13:85
57                android:name="com.google.firebase.components:com.google.firebase.auth.ktx.FirebaseAuthLegacyRegistrar"
57-->[com.google.firebase:firebase-auth-ktx:23.0.0] AndroidManifest.xml:12:17-119
58                android:value="com.google.firebase.components.ComponentRegistrar" />
58-->[com.google.firebase:firebase-auth-ktx:23.0.0] AndroidManifest.xml:13:17-82
59            <meta-data
59-->[com.google.firebase:firebase-firestore:25.0.0] AndroidManifest.xml:17:13-19:85
60                android:name="com.google.firebase.components:com.google.firebase.firestore.FirebaseFirestoreKtxRegistrar"
60-->[com.google.firebase:firebase-firestore:25.0.0] AndroidManifest.xml:18:17-122
61                android:value="com.google.firebase.components.ComponentRegistrar" />
61-->[com.google.firebase:firebase-firestore:25.0.0] AndroidManifest.xml:19:17-82
62            <meta-data
62-->[com.google.firebase:firebase-firestore:25.0.0] AndroidManifest.xml:20:13-22:85
63                android:name="com.google.firebase.components:com.google.firebase.firestore.FirestoreRegistrar"
63-->[com.google.firebase:firebase-firestore:25.0.0] AndroidManifest.xml:21:17-111
64                android:value="com.google.firebase.components.ComponentRegistrar" />
64-->[com.google.firebase:firebase-firestore:25.0.0] AndroidManifest.xml:22:17-82
65            <meta-data
65-->[com.google.firebase:firebase-auth:23.0.0] AndroidManifest.xml:69:13-71:85
66                android:name="com.google.firebase.components:com.google.firebase.auth.FirebaseAuthRegistrar"
66-->[com.google.firebase:firebase-auth:23.0.0] AndroidManifest.xml:70:17-109
67                android:value="com.google.firebase.components.ComponentRegistrar" />
67-->[com.google.firebase:firebase-auth:23.0.0] AndroidManifest.xml:71:17-82
68            <meta-data
68-->[com.google.firebase:firebase-common-ktx:21.0.0] AndroidManifest.xml:12:13-14:85
69                android:name="com.google.firebase.components:com.google.firebase.ktx.FirebaseCommonLegacyRegistrar"
69-->[com.google.firebase:firebase-common-ktx:21.0.0] AndroidManifest.xml:13:17-116
70                android:value="com.google.firebase.components.ComponentRegistrar" />
70-->[com.google.firebase:firebase-common-ktx:21.0.0] AndroidManifest.xml:14:17-82
71            <meta-data
71-->[com.google.firebase:firebase-common:21.0.0] AndroidManifest.xml:35:13-37:85
72                android:name="com.google.firebase.components:com.google.firebase.FirebaseCommonKtxRegistrar"
72-->[com.google.firebase:firebase-common:21.0.0] AndroidManifest.xml:36:17-109
73                android:value="com.google.firebase.components.ComponentRegistrar" />
73-->[com.google.firebase:firebase-common:21.0.0] AndroidManifest.xml:37:17-82
74        </service>
75
76        <activity
76-->[com.google.firebase:firebase-auth:23.0.0] AndroidManifest.xml:29:9-46:20
77            android:name="com.google.firebase.auth.internal.GenericIdpActivity"
77-->[com.google.firebase:firebase-auth:23.0.0] AndroidManifest.xml:30:13-80
78            android:excludeFromRecents="true"
78-->[com.google.firebase:firebase-auth:23.0.0] AndroidManifest.xml:31:13-46
79            android:exported="true"
79-->[com.google.firebase:firebase-auth:23.0.0] AndroidManifest.xml:32:13-36
80            android:launchMode="singleTask"
80-->[com.google.firebase:firebase-auth:23.0.0] AndroidManifest.xml:33:13-44
81            android:theme="@android:style/Theme.Translucent.NoTitleBar" >
81-->[com.google.firebase:firebase-auth:23.0.0] AndroidManifest.xml:34:13-72
82            <intent-filter>
82-->[com.google.firebase:firebase-auth:23.0.0] AndroidManifest.xml:35:13-45:29
83                <action android:name="android.intent.action.VIEW" />
83-->[com.google.firebase:firebase-auth:23.0.0] AndroidManifest.xml:36:17-69
83-->[com.google.firebase:firebase-auth:23.0.0] AndroidManifest.xml:36:25-66
84
85                <category android:name="android.intent.category.DEFAULT" />
85-->[com.google.firebase:firebase-auth:23.0.0] AndroidManifest.xml:38:17-76
85-->[com.google.firebase:firebase-auth:23.0.0] AndroidManifest.xml:38:27-73
86                <category android:name="android.intent.category.BROWSABLE" />
86-->[com.google.firebase:firebase-auth:23.0.0] AndroidManifest.xml:39:17-78
86-->[com.google.firebase:firebase-auth:23.0.0] AndroidManifest.xml:39:27-75
87
88                <data
88-->[com.google.firebase:firebase-auth:23.0.0] AndroidManifest.xml:41:17-44:51
89                    android:host="firebase.auth"
89-->[com.google.firebase:firebase-auth:23.0.0] AndroidManifest.xml:42:21-49
90                    android:path="/"
90-->[com.google.firebase:firebase-auth:23.0.0] AndroidManifest.xml:43:21-37
91                    android:scheme="genericidp" />
91-->[com.google.firebase:firebase-auth:23.0.0] AndroidManifest.xml:44:21-48
92            </intent-filter>
93        </activity>
94        <activity
94-->[com.google.firebase:firebase-auth:23.0.0] AndroidManifest.xml:47:9-64:20
95            android:name="com.google.firebase.auth.internal.RecaptchaActivity"
95-->[com.google.firebase:firebase-auth:23.0.0] AndroidManifest.xml:48:13-79
96            android:excludeFromRecents="true"
96-->[com.google.firebase:firebase-auth:23.0.0] AndroidManifest.xml:49:13-46
97            android:exported="true"
97-->[com.google.firebase:firebase-auth:23.0.0] AndroidManifest.xml:50:13-36
98            android:launchMode="singleTask"
98-->[com.google.firebase:firebase-auth:23.0.0] AndroidManifest.xml:51:13-44
99            android:theme="@android:style/Theme.Translucent.NoTitleBar" >
99-->[com.google.firebase:firebase-auth:23.0.0] AndroidManifest.xml:52:13-72
100            <intent-filter>
100-->[com.google.firebase:firebase-auth:23.0.0] AndroidManifest.xml:53:13-63:29
101                <action android:name="android.intent.action.VIEW" />
101-->[com.google.firebase:firebase-auth:23.0.0] AndroidManifest.xml:36:17-69
101-->[com.google.firebase:firebase-auth:23.0.0] AndroidManifest.xml:36:25-66
102
103                <category android:name="android.intent.category.DEFAULT" />
103-->[com.google.firebase:firebase-auth:23.0.0] AndroidManifest.xml:38:17-76
103-->[com.google.firebase:firebase-auth:23.0.0] AndroidManifest.xml:38:27-73
104                <category android:name="android.intent.category.BROWSABLE" />
104-->[com.google.firebase:firebase-auth:23.0.0] AndroidManifest.xml:39:17-78
104-->[com.google.firebase:firebase-auth:23.0.0] AndroidManifest.xml:39:27-75
105
106                <data
106-->[com.google.firebase:firebase-auth:23.0.0] AndroidManifest.xml:41:17-44:51
107                    android:host="firebase.auth"
107-->[com.google.firebase:firebase-auth:23.0.0] AndroidManifest.xml:42:21-49
108                    android:path="/"
108-->[com.google.firebase:firebase-auth:23.0.0] AndroidManifest.xml:43:21-37
109                    android:scheme="recaptcha" />
109-->[com.google.firebase:firebase-auth:23.0.0] AndroidManifest.xml:44:21-48
110            </intent-filter>
111        </activity>
112
113        <service
113-->[androidx.credentials:credentials-play-services-auth:1.2.0-rc01] AndroidManifest.xml:24:9-32:19
114            android:name="androidx.credentials.playservices.CredentialProviderMetadataHolder"
114-->[androidx.credentials:credentials-play-services-auth:1.2.0-rc01] AndroidManifest.xml:25:13-94
115            android:enabled="true"
115-->[androidx.credentials:credentials-play-services-auth:1.2.0-rc01] AndroidManifest.xml:26:13-35
116            android:exported="false" >
116-->[androidx.credentials:credentials-play-services-auth:1.2.0-rc01] AndroidManifest.xml:27:13-37
117            <meta-data
117-->[androidx.credentials:credentials-play-services-auth:1.2.0-rc01] AndroidManifest.xml:29:13-31:104
118                android:name="androidx.credentials.CREDENTIAL_PROVIDER_KEY"
118-->[androidx.credentials:credentials-play-services-auth:1.2.0-rc01] AndroidManifest.xml:30:17-76
119                android:value="androidx.credentials.playservices.CredentialProviderPlayServicesImpl" />
119-->[androidx.credentials:credentials-play-services-auth:1.2.0-rc01] AndroidManifest.xml:31:17-101
120        </service>
121
122        <activity
122-->[androidx.credentials:credentials-play-services-auth:1.2.0-rc01] AndroidManifest.xml:34:9-41:20
123            android:name="androidx.credentials.playservices.HiddenActivity"
123-->[androidx.credentials:credentials-play-services-auth:1.2.0-rc01] AndroidManifest.xml:35:13-76
124            android:configChanges="orientation|screenSize|screenLayout|keyboardHidden"
124-->[androidx.credentials:credentials-play-services-auth:1.2.0-rc01] AndroidManifest.xml:36:13-87
125            android:enabled="true"
125-->[androidx.credentials:credentials-play-services-auth:1.2.0-rc01] AndroidManifest.xml:37:13-35
126            android:exported="false"
126-->[androidx.credentials:credentials-play-services-auth:1.2.0-rc01] AndroidManifest.xml:38:13-37
127            android:fitsSystemWindows="true"
127-->[androidx.credentials:credentials-play-services-auth:1.2.0-rc01] AndroidManifest.xml:39:13-45
128            android:theme="@style/Theme.Hidden" >
128-->[androidx.credentials:credentials-play-services-auth:1.2.0-rc01] AndroidManifest.xml:40:13-48
129        </activity>
130        <activity
130-->[com.google.android.gms:play-services-auth:20.7.0] AndroidManifest.xml:23:9-27:75
131            android:name="com.google.android.gms.auth.api.signin.internal.SignInHubActivity"
131-->[com.google.android.gms:play-services-auth:20.7.0] AndroidManifest.xml:24:13-93
132            android:excludeFromRecents="true"
132-->[com.google.android.gms:play-services-auth:20.7.0] AndroidManifest.xml:25:13-46
133            android:exported="false"
133-->[com.google.android.gms:play-services-auth:20.7.0] AndroidManifest.xml:26:13-37
134            android:theme="@android:style/Theme.Translucent.NoTitleBar" />
134-->[com.google.android.gms:play-services-auth:20.7.0] AndroidManifest.xml:27:13-72
135        <!--
136            Service handling Google Sign-In user revocation. For apps that do not integrate with
137            Google Sign-In, this service will never be started.
138        -->
139        <service
139-->[com.google.android.gms:play-services-auth:20.7.0] AndroidManifest.xml:33:9-37:51
140            android:name="com.google.android.gms.auth.api.signin.RevocationBoundService"
140-->[com.google.android.gms:play-services-auth:20.7.0] AndroidManifest.xml:34:13-89
141            android:exported="true"
141-->[com.google.android.gms:play-services-auth:20.7.0] AndroidManifest.xml:35:13-36
142            android:permission="com.google.android.gms.auth.api.signin.permission.REVOCATION_NOTIFICATION"
142-->[com.google.android.gms:play-services-auth:20.7.0] AndroidManifest.xml:36:13-107
143            android:visibleToInstantApps="true" />
143-->[com.google.android.gms:play-services-auth:20.7.0] AndroidManifest.xml:37:13-48
144
145        <activity
145-->[com.google.android.gms:play-services-base:18.0.1] AndroidManifest.xml:20:9-22:45
146            android:name="com.google.android.gms.common.api.GoogleApiActivity"
146-->[com.google.android.gms:play-services-base:18.0.1] AndroidManifest.xml:20:19-85
147            android:exported="false"
147-->[com.google.android.gms:play-services-base:18.0.1] AndroidManifest.xml:22:19-43
148            android:theme="@android:style/Theme.Translucent.NoTitleBar" />
148-->[com.google.android.gms:play-services-base:18.0.1] AndroidManifest.xml:21:19-78
149
150        <provider
150-->[com.google.firebase:firebase-common:21.0.0] AndroidManifest.xml:23:9-28:39
151            android:name="com.google.firebase.provider.FirebaseInitProvider"
151-->[com.google.firebase:firebase-common:21.0.0] AndroidManifest.xml:24:13-77
152            android:authorities="com.example.project_akhir_si.firebaseinitprovider"
152-->[com.google.firebase:firebase-common:21.0.0] AndroidManifest.xml:25:13-72
153            android:directBootAware="true"
153-->[com.google.firebase:firebase-common:21.0.0] AndroidManifest.xml:26:13-43
154            android:exported="false"
154-->[com.google.firebase:firebase-common:21.0.0] AndroidManifest.xml:27:13-37
155            android:initOrder="100" />
155-->[com.google.firebase:firebase-common:21.0.0] AndroidManifest.xml:28:13-36
156        <provider
156-->[androidx.emoji2:emoji2:1.3.0] AndroidManifest.xml:24:9-32:20
157            android:name="androidx.startup.InitializationProvider"
157-->[androidx.emoji2:emoji2:1.3.0] AndroidManifest.xml:25:13-67
158            android:authorities="com.example.project_akhir_si.androidx-startup"
158-->[androidx.emoji2:emoji2:1.3.0] AndroidManifest.xml:26:13-68
159            android:exported="false" >
159-->[androidx.emoji2:emoji2:1.3.0] AndroidManifest.xml:27:13-37
160            <meta-data
160-->[androidx.emoji2:emoji2:1.3.0] AndroidManifest.xml:29:13-31:52
161                android:name="androidx.emoji2.text.EmojiCompatInitializer"
161-->[androidx.emoji2:emoji2:1.3.0] AndroidManifest.xml:30:17-75
162                android:value="androidx.startup" />
162-->[androidx.emoji2:emoji2:1.3.0] AndroidManifest.xml:31:17-49
163            <meta-data
163-->[androidx.lifecycle:lifecycle-process:2.8.2] AndroidManifest.xml:29:13-31:52
164                android:name="androidx.lifecycle.ProcessLifecycleInitializer"
164-->[androidx.lifecycle:lifecycle-process:2.8.2] AndroidManifest.xml:30:17-78
165                android:value="androidx.startup" />
165-->[androidx.lifecycle:lifecycle-process:2.8.2] AndroidManifest.xml:31:17-49
166            <meta-data
166-->[androidx.profileinstaller:profileinstaller:1.3.1] AndroidManifest.xml:29:13-31:52
167                android:name="androidx.profileinstaller.ProfileInstallerInitializer"
167-->[androidx.profileinstaller:profileinstaller:1.3.1] AndroidManifest.xml:30:17-85
168                android:value="androidx.startup" />
168-->[androidx.profileinstaller:profileinstaller:1.3.1] AndroidManifest.xml:31:17-49
169        </provider>
170
171        <meta-data
171-->[com.google.android.gms:play-services-basement:18.3.0] AndroidManifest.xml:21:9-23:69
172            android:name="com.google.android.gms.version"
172-->[com.google.android.gms:play-services-basement:18.3.0] AndroidManifest.xml:22:13-58
173            android:value="@integer/google_play_services_version" />
173-->[com.google.android.gms:play-services-basement:18.3.0] AndroidManifest.xml:23:13-66
174
175        <activity
175-->[androidx.compose.ui:ui-test-manifest:1.6.8] AndroidManifest.xml:23:9-25:39
176            android:name="androidx.activity.ComponentActivity"
176-->[androidx.compose.ui:ui-test-manifest:1.6.8] AndroidManifest.xml:24:13-63
177            android:exported="true" />
177-->[androidx.compose.ui:ui-test-manifest:1.6.8] AndroidManifest.xml:25:13-36
178        <activity
178-->[androidx.compose.ui:ui-tooling-android:1.6.8] AndroidManifest.xml:23:9-25:39
179            android:name="androidx.compose.ui.tooling.PreviewActivity"
179-->[androidx.compose.ui:ui-tooling-android:1.6.8] AndroidManifest.xml:24:13-71
180            android:exported="true" />
180-->[androidx.compose.ui:ui-tooling-android:1.6.8] AndroidManifest.xml:25:13-36
181
182        <service
182-->[com.google.android.datatransport:transport-runtime:3.3.0] AndroidManifest.xml:24:9-28:19
183            android:name="com.google.android.datatransport.runtime.scheduling.jobscheduling.JobInfoSchedulerService"
183-->[com.google.android.datatransport:transport-runtime:3.3.0] AndroidManifest.xml:25:13-117
184            android:exported="false"
184-->[com.google.android.datatransport:transport-runtime:3.3.0] AndroidManifest.xml:26:13-37
185            android:permission="android.permission.BIND_JOB_SERVICE" >
185-->[com.google.android.datatransport:transport-runtime:3.3.0] AndroidManifest.xml:27:13-69
186        </service>
187
188        <receiver
188-->[com.google.android.datatransport:transport-runtime:3.3.0] AndroidManifest.xml:30:9-32:40
189            android:name="com.google.android.datatransport.runtime.scheduling.jobscheduling.AlarmManagerSchedulerBroadcastReceiver"
189-->[com.google.android.datatransport:transport-runtime:3.3.0] AndroidManifest.xml:31:13-132
190            android:exported="false" />
190-->[com.google.android.datatransport:transport-runtime:3.3.0] AndroidManifest.xml:32:13-37
191
192        <service
192-->[com.google.android.datatransport:transport-runtime:3.3.0] AndroidManifest.xml:34:9-36:40
193            android:name="com.google.android.datatransport.runtime.backends.TransportBackendDiscovery"
193-->[com.google.android.datatransport:transport-runtime:3.3.0] AndroidManifest.xml:35:13-103
194            android:exported="false" />
194-->[com.google.android.datatransport:transport-runtime:3.3.0] AndroidManifest.xml:36:13-37
195
196        <receiver
196-->[androidx.profileinstaller:profileinstaller:1.3.1] AndroidManifest.xml:34:9-52:20
197            android:name="androidx.profileinstaller.ProfileInstallReceiver"
197-->[androidx.profileinstaller:profileinstaller:1.3.1] AndroidManifest.xml:35:13-76
198            android:directBootAware="false"
198-->[androidx.profileinstaller:profileinstaller:1.3.1] AndroidManifest.xml:36:13-44
199            android:enabled="true"
199-->[androidx.profileinstaller:profileinstaller:1.3.1] AndroidManifest.xml:37:13-35
200            android:exported="true"
200-->[androidx.profileinstaller:profileinstaller:1.3.1] AndroidManifest.xml:38:13-36
201            android:permission="android.permission.DUMP" >
201-->[androidx.profileinstaller:profileinstaller:1.3.1] AndroidManifest.xml:39:13-57
202            <intent-filter>
202-->[androidx.profileinstaller:profileinstaller:1.3.1] AndroidManifest.xml:40:13-42:29
203                <action android:name="androidx.profileinstaller.action.INSTALL_PROFILE" />
203-->[androidx.profileinstaller:profileinstaller:1.3.1] AndroidManifest.xml:41:17-91
203-->[androidx.profileinstaller:profileinstaller:1.3.1] AndroidManifest.xml:41:25-88
204            </intent-filter>
205            <intent-filter>
205-->[androidx.profileinstaller:profileinstaller:1.3.1] AndroidManifest.xml:43:13-45:29
206                <action android:name="androidx.profileinstaller.action.SKIP_FILE" />
206-->[androidx.profileinstaller:profileinstaller:1.3.1] AndroidManifest.xml:44:17-85
206-->[androidx.profileinstaller:profileinstaller:1.3.1] AndroidManifest.xml:44:25-82
207            </intent-filter>
208            <intent-filter>
208-->[androidx.profileinstaller:profileinstaller:1.3.1] AndroidManifest.xml:46:13-48:29
209                <action android:name="androidx.profileinstaller.action.SAVE_PROFILE" />
209-->[androidx.profileinstaller:profileinstaller:1.3.1] AndroidManifest.xml:47:17-88
209-->[androidx.profileinstaller:profileinstaller:1.3.1] AndroidManifest.xml:47:25-85
210            </intent-filter>
211            <intent-filter>
211-->[androidx.profileinstaller:profileinstaller:1.3.1] AndroidManifest.xml:49:13-51:29
212                <action android:name="androidx.profileinstaller.action.BENCHMARK_OPERATION" />
212-->[androidx.profileinstaller:profileinstaller:1.3.1] AndroidManifest.xml:50:17-95
212-->[androidx.profileinstaller:profileinstaller:1.3.1] AndroidManifest.xml:50:25-92
213            </intent-filter>
214        </receiver>
215    </application>
216
217</manifest>